2020-12-05 00:36:17,950:INFO:PyCaret Supervised Module
2020-12-05 00:36:17,950:INFO:ML Usecase: anomaly
2020-12-05 00:36:17,950:INFO:version 2.2.0
2020-12-05 00:36:17,950:INFO:Initializing setup()
2020-12-05 00:36:17,950:INFO:setup(target=None, ml_usecase=anomaly, available_plots={'tsne': 'Anomaly TSnE (3d)', 'umap': 'UMAP Dimensionality'}, train_size=0.7, test_data=None, preprocess=True, imputation_type=simple, iterative_imputation_iters=5, categorical_features=None, categorical_imputation=mode, categorical_iterative_imputer=lightgbm, ordinal_features=None, high_cardinality_features=None, high_cardinality_method=frequency, numeric_features=None, numeric_imputation=mean, numeric_iterative_imputer=lightgbm, date_features=None, ignore_features=None, normalize=False, normalize_method=zscore, transformation=False, transformation_method=yeo-johnson, handle_unknown_categorical=True, unknown_categorical_method=least_frequent, pca=False, pca_method=linear, pca_components=None, ignore_low_variance=False, combine_rare_levels=False, rare_level_threshold=0.1, bin_numeric_features=None, remove_outliers=False, outliers_threshold=0.05, remove_multicollinearity=False, multicollinearity_threshold=0.9, remove_perfect_collinearity=False, create_clusters=False, cluster_iter=20, polynomial_features=False, polynomial_degree=2, trigonometry_features=False, polynomial_threshold=0.1, group_features=None, group_names=None, feature_selection=False, feature_selection_threshold=0.8, feature_selection_method=classic, feature_interaction=False, feature_ratio=False, interaction_threshold=0.01, fix_imbalance=False, fix_imbalance_method=None, transform_target=False, transform_target_method=box-cox, data_split_shuffle=False, data_split_stratify=False, fold_strategy=kfold, fold=10, fold_shuffle=False, fold_groups=None, n_jobs=-1, use_gpu=False, custom_pipeline=None, html=True, session_id=None, log_experiment=False, experiment_name=None, log_plots=False, log_profile=False, log_data=False, silent=False, verbose=True, profile=False, display=None)
2020-12-05 00:36:17,951:INFO:Checking environment
2020-12-05 00:36:17,951:INFO:python_version: 3.8.5
2020-12-05 00:36:17,951:INFO:python_build: ('default', 'Jul 28 2020 12:59:40')
2020-12-05 00:36:17,951:INFO:machine: x86_64
2020-12-05 00:36:17,968:INFO:platform: Linux-5.4.0-56-generic-x86_64-with-glibc2.29
2020-12-05 00:36:17,969:INFO:Memory: svmem(total=8181497856, available=1723039744, percent=78.9, used=5999575040, free=517554176, active=5426696192, inactive=1499561984, buffers=101629952, cached=1562738688, shared=221904896, slab=411611136)
2020-12-05 00:36:17,989:INFO:Physical Core: 4
2020-12-05 00:36:17,989:INFO:Logical Core: 8
2020-12-05 00:36:17,989:INFO:Checking libraries
2020-12-05 00:36:17,989:INFO:pd==1.1.4
2020-12-05 00:36:17,989:INFO:numpy==1.18.5
2020-12-05 00:36:17,989:INFO:sklearn==0.23.2
2020-12-05 00:36:19,056:INFO:xgboost==1.2.0
2020-12-05 00:36:19,057:INFO:lightgbm==3.0.0
2020-12-05 00:36:19,862:INFO:catboost==0.24.1
2020-12-05 00:36:24,157:INFO:mlflow==1.11.0
2020-12-05 00:36:24,158:INFO:Checking Exceptions
2020-12-05 00:36:24,158:INFO:Declaring global variables
2020-12-05 00:36:24,159:INFO:USI: 569c
2020-12-05 00:36:24,159:INFO:pycaret_globals: {'fold_shuffle_param', 'create_model_container', 'fold_groups_param', 'exp_name_log', 'html_param', '_ml_usecase', 'transform_target_method_param', 'logging_param', 'experiment__', '_internal_pipeline', 'master_model_container', '_all_metrics', 'prep_pipe', '_gpu_n_jobs_param', 'n_jobs_param', 'display_container', 'transform_target_param', 'pycaret_globals', '_available_plots', 'gpu_param', '_all_models', 'fix_imbalance_method_param', 'USI', '_all_models_internal', 'stratify_param', 'X', 'fix_imbalance_param', 'fold_generator', 'log_plots_param', 'fold_param', 'iterative_imputation_iters_param', 'data_before_preprocess', 'imputation_classifier', 'target_param', 'seed', 'imputation_regressor'}
2020-12-05 00:36:24,159:INFO:Preparing display monitor
2020-12-05 00:36:24,159:INFO:Preparing display monitor
2020-12-05 00:36:24,540:INFO:Importing libraries
2020-12-05 00:36:24,541:INFO:Copying data for preprocessing
2020-12-05 00:36:24,552:INFO:Declaring preprocessing parameters
2020-12-05 00:36:24,554:INFO:Creating preprocessing pipeline
2020-12-05 00:36:24,652:INFO:Preprocessing pipeline created successfully
2020-12-05 00:36:24,652:ERROR:(Process Exit): setup has been interupted with user command 'quit'. setup must rerun.
2020-12-05 00:36:24,652:INFO:Creating global containers
2020-12-05 00:36:24,674:INFO:Internal pipeline: Pipeline(memory=None, steps=[('empty_step', 'passthrough')], verbose=False)
2020-12-05 00:37:02,491:INFO:Creating grid variables
2020-12-05 00:37:02,542:INFO:create_model_container: 0
2020-12-05 00:37:02,542:INFO:master_model_container: 0
2020-12-05 00:37:02,542:INFO:display_container: 0
2020-12-05 00:37:02,552:INFO:Pipeline(memory=None,
         steps=[('dtypes',
                 DataTypes_Auto_infer(categorical_features=[],
                                      display_types=True, features_todrop=[],
                                      id_columns=[],
                                      ml_usecase='classification',
                                      numerical_features=[],
                                      target='UNSUPERVISED_DUMMY_TARGET',
                                      time_features=[])),
                ('imputer',
                 Simple_Imputer(categorical_strategy='most frequent',
                                fill_value_categorical=None,
                                fill_value_numerical=...
                ('scaling', 'passthrough'), ('P_transform', 'passthrough'),
                ('binn', 'passthrough'), ('rem_outliers', 'passthrough'),
                ('cluster_all', 'passthrough'),
                ('dummy', Dummify(target='UNSUPERVISED_DUMMY_TARGET')),
                ('fix_perfect', 'passthrough'),
                ('clean_names', Clean_Colum_Names()),
                ('feature_select', 'passthrough'), ('fix_multi', 'passthrough'),
                ('dfs', 'passthrough'), ('pca', 'passthrough')],
         verbose=False)
2020-12-05 00:37:02,552:INFO:setup() succesfully completed......................................
2020-12-05 00:37:30,661:INFO:PyCaret Supervised Module
2020-12-05 00:37:30,661:INFO:ML Usecase: anomaly
2020-12-05 00:37:30,661:INFO:version 2.2.0
2020-12-05 00:37:30,661:INFO:Initializing setup()
2020-12-05 00:37:30,661:INFO:setup(target=None, ml_usecase=anomaly, available_plots={'tsne': 'Anomaly TSnE (3d)', 'umap': 'UMAP Dimensionality'}, train_size=0.7, test_data=None, preprocess=True, imputation_type=simple, iterative_imputation_iters=5, categorical_features=None, categorical_imputation=mode, categorical_iterative_imputer=lightgbm, ordinal_features=None, high_cardinality_features=None, high_cardinality_method=frequency, numeric_features=['Values'], numeric_imputation=mean, numeric_iterative_imputer=lightgbm, date_features=None, ignore_features=None, normalize=False, normalize_method=zscore, transformation=False, transformation_method=yeo-johnson, handle_unknown_categorical=True, unknown_categorical_method=least_frequent, pca=False, pca_method=linear, pca_components=None, ignore_low_variance=False, combine_rare_levels=False, rare_level_threshold=0.1, bin_numeric_features=None, remove_outliers=False, outliers_threshold=0.05, remove_multicollinearity=False, multicollinearity_threshold=0.9, remove_perfect_collinearity=False, create_clusters=False, cluster_iter=20, polynomial_features=False, polynomial_degree=2, trigonometry_features=False, polynomial_threshold=0.1, group_features=None, group_names=None, feature_selection=False, feature_selection_threshold=0.8, feature_selection_method=classic, feature_interaction=False, feature_ratio=False, interaction_threshold=0.01, fix_imbalance=False, fix_imbalance_method=None, transform_target=False, transform_target_method=box-cox, data_split_shuffle=False, data_split_stratify=False, fold_strategy=kfold, fold=10, fold_shuffle=False, fold_groups=None, n_jobs=-1, use_gpu=False, custom_pipeline=None, html=True, session_id=None, log_experiment=False, experiment_name=None, log_plots=False, log_profile=False, log_data=False, silent=False, verbose=True, profile=False, display=None)
2020-12-05 00:37:30,661:INFO:Checking environment
2020-12-05 00:37:30,662:INFO:python_version: 3.8.5
2020-12-05 00:37:30,662:INFO:python_build: ('default', 'Jul 28 2020 12:59:40')
2020-12-05 00:37:30,662:INFO:machine: x86_64
2020-12-05 00:37:30,662:INFO:platform: Linux-5.4.0-56-generic-x86_64-with-glibc2.29
2020-12-05 00:37:30,662:INFO:Memory: svmem(total=8181497856, available=1711775744, percent=79.1, used=6017998848, free=401674240, active=5451669504, inactive=1594650624, buffers=106864640, cached=1654960128, shared=236679168, slab=413954048)
2020-12-05 00:37:30,685:INFO:Physical Core: 4
2020-12-05 00:37:30,685:INFO:Logical Core: 8
2020-12-05 00:37:30,685:INFO:Checking libraries
2020-12-05 00:37:30,685:INFO:pd==1.1.4
2020-12-05 00:37:30,685:INFO:numpy==1.18.5
2020-12-05 00:37:30,685:INFO:sklearn==0.23.2
2020-12-05 00:37:30,685:INFO:xgboost==1.2.0
2020-12-05 00:37:30,685:INFO:lightgbm==3.0.0
2020-12-05 00:37:30,685:INFO:catboost==0.24.1
2020-12-05 00:37:30,685:INFO:mlflow==1.11.0
2020-12-05 00:37:30,685:INFO:Checking Exceptions
2020-12-05 00:37:30,685:INFO:Declaring global variables
2020-12-05 00:37:30,685:INFO:USI: 96e8
2020-12-05 00:37:30,685:INFO:pycaret_globals: {'fold_shuffle_param', 'create_model_container', 'fold_groups_param', 'exp_name_log', 'html_param', '_ml_usecase', 'transform_target_method_param', 'logging_param', 'experiment__', '_internal_pipeline', 'master_model_container', '_all_metrics', 'prep_pipe', '_gpu_n_jobs_param', 'n_jobs_param', 'display_container', 'transform_target_param', 'pycaret_globals', '_available_plots', 'gpu_param', '_all_models', 'fix_imbalance_method_param', 'USI', '_all_models_internal', 'stratify_param', 'X', 'fix_imbalance_param', 'fold_generator', 'log_plots_param', 'fold_param', 'iterative_imputation_iters_param', 'data_before_preprocess', 'imputation_classifier', 'target_param', 'seed', 'imputation_regressor'}
2020-12-05 00:37:30,686:INFO:Preparing display monitor
2020-12-05 00:37:30,686:INFO:Preparing display monitor
2020-12-05 00:37:30,700:INFO:Importing libraries
2020-12-05 00:37:30,700:INFO:Copying data for preprocessing
2020-12-05 00:37:30,710:INFO:Declaring preprocessing parameters
2020-12-05 00:37:30,711:INFO:Creating preprocessing pipeline
2020-12-05 00:37:30,715:INFO:Preprocessing pipeline created successfully
2020-12-05 00:37:30,715:ERROR:(Process Exit): setup has been interupted with user command 'quit'. setup must rerun.
2020-12-05 00:37:30,716:INFO:Creating global containers
2020-12-05 00:37:30,717:INFO:Internal pipeline: Pipeline(memory=None, steps=[('empty_step', 'passthrough')], verbose=False)
2020-12-05 00:37:34,994:INFO:Creating grid variables
2020-12-05 00:37:35,015:INFO:create_model_container: 0
2020-12-05 00:37:35,015:INFO:master_model_container: 0
2020-12-05 00:37:35,015:INFO:display_container: 0
2020-12-05 00:37:35,021:INFO:Pipeline(memory=None,
         steps=[('dtypes',
                 DataTypes_Auto_infer(categorical_features=[],
                                      display_types=True, features_todrop=[],
                                      id_columns=[],
                                      ml_usecase='classification',
                                      numerical_features=['Values'],
                                      target='UNSUPERVISED_DUMMY_TARGET',
                                      time_features=[])),
                ('imputer',
                 Simple_Imputer(categorical_strategy='most frequent',
                                fill_value_categorical=None,
                                fill_value_nu...
                ('scaling', 'passthrough'), ('P_transform', 'passthrough'),
                ('binn', 'passthrough'), ('rem_outliers', 'passthrough'),
                ('cluster_all', 'passthrough'),
                ('dummy', Dummify(target='UNSUPERVISED_DUMMY_TARGET')),
                ('fix_perfect', 'passthrough'),
                ('clean_names', Clean_Colum_Names()),
                ('feature_select', 'passthrough'), ('fix_multi', 'passthrough'),
                ('dfs', 'passthrough'), ('pca', 'passthrough')],
         verbose=False)
2020-12-05 00:37:35,021:INFO:setup() succesfully completed......................................
2020-12-05 00:37:46,003:INFO:PyCaret Supervised Module
2020-12-05 00:37:46,109:INFO:ML Usecase: anomaly
2020-12-05 00:37:46,110:INFO:version 2.2.0
2020-12-05 00:37:46,110:INFO:Initializing setup()
2020-12-05 00:37:46,111:INFO:setup(target=None, ml_usecase=anomaly, available_plots={'tsne': 'Anomaly TSnE (3d)', 'umap': 'UMAP Dimensionality'}, train_size=0.7, test_data=None, preprocess=True, imputation_type=simple, iterative_imputation_iters=5, categorical_features=None, categorical_imputation=mode, categorical_iterative_imputer=lightgbm, ordinal_features=None, high_cardinality_features=None, high_cardinality_method=frequency, numeric_features=['Values'], numeric_imputation=mean, numeric_iterative_imputer=lightgbm, date_features=None, ignore_features=None, normalize=False, normalize_method=zscore, transformation=False, transformation_method=yeo-johnson, handle_unknown_categorical=True, unknown_categorical_method=least_frequent, pca=False, pca_method=linear, pca_components=None, ignore_low_variance=False, combine_rare_levels=False, rare_level_threshold=0.1, bin_numeric_features=None, remove_outliers=False, outliers_threshold=0.05, remove_multicollinearity=False, multicollinearity_threshold=0.9, remove_perfect_collinearity=False, create_clusters=False, cluster_iter=20, polynomial_features=False, polynomial_degree=2, trigonometry_features=False, polynomial_threshold=0.1, group_features=None, group_names=None, feature_selection=False, feature_selection_threshold=0.8, feature_selection_method=classic, feature_interaction=False, feature_ratio=False, interaction_threshold=0.01, fix_imbalance=False, fix_imbalance_method=None, transform_target=False, transform_target_method=box-cox, data_split_shuffle=False, data_split_stratify=False, fold_strategy=kfold, fold=10, fold_shuffle=False, fold_groups=None, n_jobs=-1, use_gpu=False, custom_pipeline=None, html=True, session_id=None, log_experiment=False, experiment_name=None, log_plots=False, log_profile=False, log_data=False, silent=False, verbose=True, profile=False, display=None)
2020-12-05 00:37:46,111:INFO:Checking environment
2020-12-05 00:37:46,111:INFO:python_version: 3.8.5
2020-12-05 00:37:46,111:INFO:python_build: ('default', 'Jul 28 2020 12:59:40')
2020-12-05 00:37:46,111:INFO:machine: x86_64
2020-12-05 00:37:46,111:INFO:platform: Linux-5.4.0-56-generic-x86_64-with-glibc2.29
2020-12-05 00:37:46,112:INFO:Memory: svmem(total=8181497856, available=1668481024, percent=79.6, used=6064807936, free=354467840, active=5491847168, inactive=1598562304, buffers=106979328, cached=1655242752, shared=236621824, slab=413933568)
2020-12-05 00:37:46,133:INFO:Physical Core: 4
2020-12-05 00:37:46,133:INFO:Logical Core: 8
2020-12-05 00:37:46,133:INFO:Checking libraries
2020-12-05 00:37:46,133:INFO:pd==1.1.4
2020-12-05 00:37:46,133:INFO:numpy==1.18.5
2020-12-05 00:37:46,133:INFO:sklearn==0.23.2
2020-12-05 00:37:46,133:INFO:xgboost==1.2.0
2020-12-05 00:37:46,133:INFO:lightgbm==3.0.0
2020-12-05 00:37:46,134:INFO:catboost==0.24.1
2020-12-05 00:37:46,134:INFO:mlflow==1.11.0
2020-12-05 00:37:46,134:INFO:Checking Exceptions
2020-12-05 00:37:46,134:INFO:Declaring global variables
2020-12-05 00:37:46,134:INFO:USI: ec47
2020-12-05 00:37:46,134:INFO:pycaret_globals: {'fold_shuffle_param', 'create_model_container', 'fold_groups_param', 'exp_name_log', 'html_param', '_ml_usecase', 'transform_target_method_param', 'logging_param', 'experiment__', '_internal_pipeline', 'master_model_container', '_all_metrics', 'prep_pipe', '_gpu_n_jobs_param', 'n_jobs_param', 'display_container', 'transform_target_param', 'pycaret_globals', '_available_plots', 'gpu_param', '_all_models', 'fix_imbalance_method_param', 'USI', '_all_models_internal', 'stratify_param', 'X', 'fix_imbalance_param', 'fold_generator', 'log_plots_param', 'fold_param', 'iterative_imputation_iters_param', 'data_before_preprocess', 'imputation_classifier', 'target_param', 'seed', 'imputation_regressor'}
2020-12-05 00:37:46,134:INFO:Preparing display monitor
2020-12-05 00:37:46,134:INFO:Preparing display monitor
2020-12-05 00:37:46,149:INFO:Importing libraries
2020-12-05 00:37:46,149:INFO:Copying data for preprocessing
2020-12-05 00:37:46,160:INFO:Declaring preprocessing parameters
2020-12-05 00:37:46,161:INFO:Creating preprocessing pipeline
2020-12-05 00:37:46,165:INFO:Preprocessing pipeline created successfully
2020-12-05 00:37:46,165:ERROR:(Process Exit): setup has been interupted with user command 'quit'. setup must rerun.
2020-12-05 00:37:46,165:INFO:Creating global containers
2020-12-05 00:37:46,165:INFO:Internal pipeline: Pipeline(memory=None, steps=[('empty_step', 'passthrough')], verbose=False)
2020-12-05 00:37:58,013:INFO:Creating grid variables
2020-12-05 00:37:58,038:INFO:create_model_container: 0
2020-12-05 00:37:58,038:INFO:master_model_container: 0
2020-12-05 00:37:58,038:INFO:display_container: 0
2020-12-05 00:37:58,045:INFO:Pipeline(memory=None,
         steps=[('dtypes',
                 DataTypes_Auto_infer(categorical_features=[],
                                      display_types=True, features_todrop=[],
                                      id_columns=[],
                                      ml_usecase='classification',
                                      numerical_features=['Values'],
                                      target='UNSUPERVISED_DUMMY_TARGET',
                                      time_features=[])),
                ('imputer',
                 Simple_Imputer(categorical_strategy='most frequent',
                                fill_value_categorical=None,
                                fill_value_nu...
                ('scaling', 'passthrough'), ('P_transform', 'passthrough'),
                ('binn', 'passthrough'), ('rem_outliers', 'passthrough'),
                ('cluster_all', 'passthrough'),
                ('dummy', Dummify(target='UNSUPERVISED_DUMMY_TARGET')),
                ('fix_perfect', 'passthrough'),
                ('clean_names', Clean_Colum_Names()),
                ('feature_select', 'passthrough'), ('fix_multi', 'passthrough'),
                ('dfs', 'passthrough'), ('pca', 'passthrough')],
         verbose=False)
2020-12-05 00:37:58,045:INFO:setup() succesfully completed......................................
2020-12-05 00:39:25,461:INFO:Initializing create_model()
2020-12-05 00:39:25,484:INFO:create_model(estimator=iforest, num_clusters=4, fraction=0.05, ground_truth=None, round=4, fit_kwargs=None, verbose=True, system=True, raise_num_clusters=False, display=None, kwargs={})
2020-12-05 00:39:25,484:INFO:Checking exceptions
2020-12-05 00:39:25,485:INFO:Preparing display monitor
2020-12-05 00:39:25,499:INFO:Importing libraries
2020-12-05 00:39:25,512:INFO:Importing untrained model
2020-12-05 00:39:25,524:INFO:Isolation Forest Imported succesfully
2020-12-05 00:39:25,535:INFO:Fitting Model
2020-12-05 00:39:26,264:INFO:IForest(behaviour='new', bootstrap=False, contamination=0.05,
    max_features=1.0, max_samples='auto', n_estimators=100, n_jobs=-1,
    random_state=4414, verbose=0)
2020-12-05 00:39:26,265:INFO:create_models() succesfully completed......................................
2020-12-05 00:39:26,267:INFO:Uploading results into container
2020-12-05 00:39:26,268:INFO:Uploading model into container now
2020-12-05 00:39:26,269:INFO:create_model_container: 1
2020-12-05 00:39:26,269:INFO:master_model_container: 1
2020-12-05 00:39:26,269:INFO:display_container: 1
2020-12-05 00:39:26,270:INFO:IForest(behaviour='new', bootstrap=False, contamination=0.05,
    max_features=1.0, max_samples='auto', n_estimators=100, n_jobs=-1,
    random_state=4414, verbose=0)
2020-12-05 00:39:26,270:INFO:create_model() succesfully completed......................................
2020-12-05 00:39:57,555:INFO:Initializing plot_model()
2020-12-05 00:39:57,555:INFO:plot_model(plot=tsne, fold=None, verbose=True, display=None, estimator=IForest(behaviour='new', bootstrap=False, contamination=0.05,
    max_features=1.0, max_samples='auto', n_estimators=100, n_jobs=-1,
    random_state=4414, verbose=0), feature_name=None, fit_kwargs=None, groups=None, label=False, save=False, scale=1, system=True)
2020-12-05 00:39:57,555:INFO:Checking exceptions
2020-12-05 00:39:57,555:INFO:Preparing display monitor
2020-12-05 00:39:57,564:INFO:Preloading libraries
2020-12-05 00:39:57,580:INFO:Copying training dataset
2020-12-05 00:39:57,580:INFO:Plot type: tsne
2020-12-05 00:39:58,813:INFO:SubProcess assign_model() called ==================================
2020-12-05 00:39:58,813:INFO:Initializing assign_model()
2020-12-05 00:39:58,813:INFO:assign_model(model=IForest(behaviour='new', bootstrap=False, contamination=0.05,
    max_features=1.0, max_samples='auto', n_estimators=100, n_jobs=-1,
    random_state=4414, verbose=0), transformation=True, score=False, verbose=False)
2020-12-05 00:39:58,813:INFO:Checking exceptions
2020-12-05 00:39:58,813:INFO:Determining Trained Model
2020-12-05 00:39:58,814:INFO:Trained Model : Isolation Forest
2020-12-05 00:39:58,814:INFO:Copying data
2020-12-05 00:39:58,814:INFO:Transformation param set to True. Assigned clusters are attached on transformed dataset.
2020-12-05 00:39:58,815:INFO:(26, 2)
2020-12-05 00:39:58,815:INFO:assign_model() succesfully completed......................................
2020-12-05 00:39:58,815:INFO:SubProcess assign_model() end ==================================
2020-12-05 00:39:58,819:INFO:Getting dummies to cast categorical variables
2020-12-05 00:39:58,819:INFO:Fitting TSNE()
2020-12-05 00:39:59,293:INFO:Rendering Visual
2020-12-05 00:40:00,921:INFO:Visual Rendered Successfully
2020-12-05 00:40:01,060:INFO:plot_model() succesfully completed......................................
2020-12-05 00:40:49,996:INFO:Initializing assign_model()
2020-12-05 00:40:49,996:INFO:assign_model(model=IForest(behaviour='new', bootstrap=False, contamination=0.05,
    max_features=1.0, max_samples='auto', n_estimators=100, n_jobs=-1,
    random_state=4414, verbose=0), transformation=False, score=True, verbose=True)
2020-12-05 00:40:49,996:INFO:Checking exceptions
2020-12-05 00:40:49,997:INFO:Determining Trained Model
2020-12-05 00:40:49,997:INFO:Trained Model : Isolation Forest
2020-12-05 00:40:49,997:INFO:Copying data
2020-12-05 00:40:49,999:INFO:(26, 3)
2020-12-05 00:40:49,999:INFO:assign_model() succesfully completed......................................
2020-12-05 00:51:19,879:INFO:PyCaret Supervised Module
2020-12-05 00:51:19,895:INFO:ML Usecase: anomaly
2020-12-05 00:51:19,896:INFO:version 2.2.0
2020-12-05 00:51:19,896:INFO:Initializing setup()
2020-12-05 00:51:19,896:INFO:setup(target=None, ml_usecase=anomaly, available_plots={'tsne': 'Anomaly TSnE (3d)', 'umap': 'UMAP Dimensionality'}, train_size=0.7, test_data=None, preprocess=True, imputation_type=simple, iterative_imputation_iters=5, categorical_features=None, categorical_imputation=mode, categorical_iterative_imputer=lightgbm, ordinal_features=None, high_cardinality_features=None, high_cardinality_method=frequency, numeric_features=['Values'], numeric_imputation=mean, numeric_iterative_imputer=lightgbm, date_features=None, ignore_features=None, normalize=False, normalize_method=zscore, transformation=False, transformation_method=yeo-johnson, handle_unknown_categorical=True, unknown_categorical_method=least_frequent, pca=False, pca_method=linear, pca_components=None, ignore_low_variance=False, combine_rare_levels=False, rare_level_threshold=0.1, bin_numeric_features=None, remove_outliers=False, outliers_threshold=0.05, remove_multicollinearity=False, multicollinearity_threshold=0.9, remove_perfect_collinearity=False, create_clusters=False, cluster_iter=20, polynomial_features=False, polynomial_degree=2, trigonometry_features=False, polynomial_threshold=0.1, group_features=None, group_names=None, feature_selection=False, feature_selection_threshold=0.8, feature_selection_method=classic, feature_interaction=False, feature_ratio=False, interaction_threshold=0.01, fix_imbalance=False, fix_imbalance_method=None, transform_target=False, transform_target_method=box-cox, data_split_shuffle=False, data_split_stratify=False, fold_strategy=kfold, fold=10, fold_shuffle=False, fold_groups=None, n_jobs=-1, use_gpu=False, custom_pipeline=None, html=True, session_id=None, log_experiment=False, experiment_name=None, log_plots=False, log_profile=False, log_data=False, silent=False, verbose=True, profile=False, display=None)
2020-12-05 00:51:19,896:INFO:Checking environment
2020-12-05 00:51:19,896:INFO:python_version: 3.8.5
2020-12-05 00:51:19,896:INFO:python_build: ('default', 'Jul 28 2020 12:59:40')
2020-12-05 00:51:19,896:INFO:machine: x86_64
2020-12-05 00:51:19,908:INFO:platform: Linux-5.4.0-56-generic-x86_64-with-glibc2.29
2020-12-05 00:51:19,908:INFO:Memory: svmem(total=8181497856, available=2220269568, percent=72.9, used=5558378496, free=489242624, active=5375381504, inactive=1585897472, buffers=134901760, cached=1998974976, shared=252604416, slab=417980416)
2020-12-05 00:51:19,909:INFO:Physical Core: 4
2020-12-05 00:51:19,909:INFO:Logical Core: 8
2020-12-05 00:51:19,909:INFO:Checking libraries
2020-12-05 00:51:19,909:INFO:pd==1.1.4
2020-12-05 00:51:19,909:INFO:numpy==1.18.5
2020-12-05 00:51:19,909:INFO:sklearn==0.23.2
2020-12-05 00:51:20,161:INFO:xgboost==1.2.0
2020-12-05 00:51:20,161:INFO:lightgbm==3.0.0
2020-12-05 00:51:20,176:INFO:catboost==0.24.1
2020-12-05 00:51:20,704:INFO:mlflow==1.11.0
2020-12-05 00:51:20,704:INFO:Checking Exceptions
2020-12-05 00:51:20,704:INFO:Declaring global variables
2020-12-05 00:51:20,704:INFO:USI: adaf
2020-12-05 00:51:20,704:INFO:pycaret_globals: {'stratify_param', 'fold_param', 'experiment__', 'transform_target_param', 'target_param', 'transform_target_method_param', 'prep_pipe', 'logging_param', '_all_models', 'fold_groups_param', 'iterative_imputation_iters_param', 'fix_imbalance_method_param', '_ml_usecase', 'display_container', 'fix_imbalance_param', 'html_param', '_internal_pipeline', 'n_jobs_param', 'fold_generator', 'imputation_regressor', 'exp_name_log', '_available_plots', 'fold_shuffle_param', 'seed', 'X', '_gpu_n_jobs_param', '_all_models_internal', 'USI', 'imputation_classifier', 'data_before_preprocess', 'master_model_container', 'create_model_container', 'gpu_param', 'pycaret_globals', 'log_plots_param', '_all_metrics'}
2020-12-05 00:51:20,705:INFO:Preparing display monitor
2020-12-05 00:51:20,705:INFO:Preparing display monitor
2020-12-05 00:51:20,729:INFO:Importing libraries
2020-12-05 00:51:20,729:INFO:Copying data for preprocessing
2020-12-05 00:51:20,742:INFO:Declaring preprocessing parameters
2020-12-05 00:51:20,743:INFO:Creating preprocessing pipeline
2020-12-05 00:51:20,748:INFO:Preprocessing pipeline created successfully
2020-12-05 00:51:20,748:ERROR:(Process Exit): setup has been interupted with user command 'quit'. setup must rerun.
2020-12-05 00:51:20,748:INFO:Creating global containers
2020-12-05 00:51:20,750:INFO:Internal pipeline: Pipeline(memory=None, steps=[('empty_step', 'passthrough')], verbose=False)
2020-12-05 00:51:22,899:INFO:Creating grid variables
2020-12-05 00:51:22,917:INFO:create_model_container: 0
2020-12-05 00:51:22,918:INFO:master_model_container: 0
2020-12-05 00:51:22,918:INFO:display_container: 0
2020-12-05 00:51:22,926:INFO:Pipeline(memory=None,
         steps=[('dtypes',
                 DataTypes_Auto_infer(categorical_features=[],
                                      display_types=True, features_todrop=[],
                                      id_columns=[],
                                      ml_usecase='classification',
                                      numerical_features=['Values'],
                                      target='UNSUPERVISED_DUMMY_TARGET',
                                      time_features=[])),
                ('imputer',
                 Simple_Imputer(categorical_strategy='most frequent',
                                fill_value_categorical=None,
                                fill_value_nu...
                ('scaling', 'passthrough'), ('P_transform', 'passthrough'),
                ('binn', 'passthrough'), ('rem_outliers', 'passthrough'),
                ('cluster_all', 'passthrough'),
                ('dummy', Dummify(target='UNSUPERVISED_DUMMY_TARGET')),
                ('fix_perfect', 'passthrough'),
                ('clean_names', Clean_Colum_Names()),
                ('feature_select', 'passthrough'), ('fix_multi', 'passthrough'),
                ('dfs', 'passthrough'), ('pca', 'passthrough')],
         verbose=False)
2020-12-05 00:51:22,926:INFO:setup() succesfully completed......................................
2020-12-05 00:51:23,038:INFO:Initializing create_model()
2020-12-05 00:51:23,038:INFO:create_model(estimator=iforest, num_clusters=4, fraction=0.05, ground_truth=None, round=4, fit_kwargs=None, verbose=True, system=True, raise_num_clusters=False, display=None, kwargs={})
2020-12-05 00:51:23,038:INFO:Checking exceptions
2020-12-05 00:51:23,038:INFO:Preparing display monitor
2020-12-05 00:51:23,057:INFO:Importing libraries
2020-12-05 00:51:23,067:INFO:Importing untrained model
2020-12-05 00:51:23,081:INFO:Isolation Forest Imported succesfully
2020-12-05 00:51:23,094:INFO:Fitting Model
2020-12-05 00:51:23,515:INFO:IForest(behaviour='new', bootstrap=False, contamination=0.05,
    max_features=1.0, max_samples='auto', n_estimators=100, n_jobs=-1,
    random_state=3084, verbose=0)
2020-12-05 00:51:23,515:INFO:create_models() succesfully completed......................................
2020-12-05 00:51:23,516:INFO:Uploading results into container
2020-12-05 00:51:23,516:INFO:Uploading model into container now
2020-12-05 00:51:23,517:INFO:create_model_container: 1
2020-12-05 00:51:23,517:INFO:master_model_container: 1
2020-12-05 00:51:23,517:INFO:display_container: 1
2020-12-05 00:51:23,518:INFO:IForest(behaviour='new', bootstrap=False, contamination=0.05,
    max_features=1.0, max_samples='auto', n_estimators=100, n_jobs=-1,
    random_state=3084, verbose=0)
2020-12-05 00:51:23,518:INFO:create_model() succesfully completed......................................
2020-12-05 00:51:46,449:INFO:Initializing assign_model()
2020-12-05 00:51:46,450:INFO:assign_model(model=IForest(behaviour='new', bootstrap=False, contamination=0.05,
    max_features=1.0, max_samples='auto', n_estimators=100, n_jobs=-1,
    random_state=3084, verbose=0), transformation=False, score=True, verbose=True)
2020-12-05 00:51:46,450:INFO:Checking exceptions
2020-12-05 00:51:46,450:INFO:Determining Trained Model
2020-12-05 00:51:46,451:INFO:Trained Model : Isolation Forest
2020-12-05 00:51:46,451:INFO:Copying data
2020-12-05 00:51:46,452:INFO:(26, 3)
2020-12-05 00:51:46,452:INFO:assign_model() succesfully completed......................................
2020-12-05 00:52:36,248:INFO:Initializing plot_model()
2020-12-05 00:52:36,249:INFO:plot_model(plot=tsne, fold=None, verbose=True, display=None, estimator=IForest(behaviour='new', bootstrap=False, contamination=0.05,
    max_features=1.0, max_samples='auto', n_estimators=100, n_jobs=-1,
    random_state=3084, verbose=0), feature_name=None, fit_kwargs=None, groups=None, label=False, save=False, scale=1, system=True)
2020-12-05 00:52:36,249:INFO:Checking exceptions
2020-12-05 00:52:36,250:INFO:Preparing display monitor
2020-12-05 00:52:36,259:INFO:Preloading libraries
2020-12-05 00:52:36,274:INFO:Copying training dataset
2020-12-05 00:52:36,274:INFO:Plot type: tsne
2020-12-05 00:52:36,294:INFO:SubProcess assign_model() called ==================================
2020-12-05 00:52:36,294:INFO:Initializing assign_model()
2020-12-05 00:52:36,294:INFO:assign_model(model=IForest(behaviour='new', bootstrap=False, contamination=0.05,
    max_features=1.0, max_samples='auto', n_estimators=100, n_jobs=-1,
    random_state=3084, verbose=0), transformation=True, score=False, verbose=False)
2020-12-05 00:52:36,294:INFO:Checking exceptions
2020-12-05 00:52:36,294:INFO:Determining Trained Model
2020-12-05 00:52:36,295:INFO:Trained Model : Isolation Forest
2020-12-05 00:52:36,295:INFO:Copying data
2020-12-05 00:52:36,295:INFO:Transformation param set to True. Assigned clusters are attached on transformed dataset.
2020-12-05 00:52:36,296:INFO:(26, 2)
2020-12-05 00:52:36,296:INFO:assign_model() succesfully completed......................................
2020-12-05 00:52:36,296:INFO:SubProcess assign_model() end ==================================
2020-12-05 00:52:36,299:INFO:Getting dummies to cast categorical variables
2020-12-05 00:52:36,299:INFO:Fitting TSNE()
2020-12-05 00:52:36,864:INFO:Rendering Visual
2020-12-05 00:52:37,777:INFO:Visual Rendered Successfully
2020-12-05 00:52:37,971:INFO:plot_model() succesfully completed......................................
